# JRE version: Java(TM) SE Runtime Environment (7.0_80-b15) (build 1.7.0_80-b15)
# Java VM: Java HotSpot(TM) 64-Bit Server VM (24.80-b11 mixed mode windows-amd64 compressed oops)
Heap
 PSYoungGen      total 241152K, used 6129K [0x00000000eaa80000, 0x00000000fc480000, 0x0000000100000000)
  eden space 214016K, 0% used [0x00000000eaa80000,0x00000000eaa80000,0x00000000f7b80000)
  from space 27136K, 22% used [0x00000000faa00000,0x00000000faffc5c0,0x00000000fc480000)
  to   space 37376K, 0% used [0x00000000f7b80000,0x00000000f7b80000,0x00000000fa000000)
 ParOldGen       total 86016K, used 85352K [0x00000000c0000000, 0x00000000c5400000, 0x00000000eaa80000)
  object space 86016K, 99% used [0x00000000c0000000,0x00000000c535a0d8,0x00000000c5400000)
 PSPermGen       total 112128K, used 65704K [0x00000000b0000000, 0x00000000b6d80000, 0x00000000c0000000)
  object space 112128K, 58% used [0x00000000b0000000,0x00000000b402a168,0x00000000b6d80000)
GC Heap History (10 events):
Event: 222.673 GC heap after
Heap after GC invocations=12 (full 1):
 PSYoungGen      total 262144K, used 27941K [0x00000000eaa80000, 0x00000000fd400000, 0x0000000100000000)
  eden space 233984K, 0% used [0x00000000eaa80000,0x00000000eaa80000,0x00000000f8f00000)
  from space 28160K, 99% used [0x00000000f9980000,0x00000000fb4c97f0,0x00000000fb500000)
  to   space 31744K, 0% used [0x00000000fb500000,0x00000000fb500000,0x00000000fd400000)
 ParOldGen       total 86016K, used 49442K [0x00000000c0000000, 0x00000000c5400000, 0x00000000eaa80000)
  object space 86016K, 57% used [0x00000000c0000000,0x00000000c3048820,0x00000000c5400000)
 PSPermGen       total 92672K, used 54618K [0x00000000b0000000, 0x00000000b5a80000, 0x00000000c0000000)
  object space 92672K, 58% used [0x00000000b0000000,0x00000000b35568d0,0x00000000b5a80000)
}
Event: 234.440 GC heap before
{Heap before GC invocations=13 (full 1):
 PSYoungGen      total 262144K, used 119772K [0x00000000eaa80000, 0x00000000fd400000, 0x0000000100000000)
  eden space 233984K, 39% used [0x00000000eaa80000,0x00000000f042d978,0x00000000f8f00000)
  from space 28160K, 99% used [0x00000000f9980000,0x00000000fb4c97f0,0x00000000fb500000)
  to   space 31744K, 0% used [0x00000000fb500000,0x00000000fb500000,0x00000000fd400000)
 ParOldGen       total 86016K, used 49442K [0x00000000c0000000, 0x00000000c5400000, 0x00000000eaa80000)
  object space 86016K, 57% used [0x00000000c0000000,0x00000000c3048820,0x00000000c5400000)
 PSPermGen       total 92672K, used 56663K [0x00000000b0000000, 0x00000000b5a80000, 0x00000000c0000000)
  object space 92672K, 61% used [0x00000000b0000000,0x00000000b3755d00,0x00000000b5a80000)
Event: 234.463 GC heap after
Heap after GC invocations=13 (full 1):
 PSYoungGen      total 265728K, used 4754K [0x00000000eaa80000, 0x00000000fd400000, 0x0000000100000000)
  eden space 233984K, 0% used [0x00000000eaa80000,0x00000000eaa80000,0x00000000f8f00000)
  from space 31744K, 14% used [0x00000000fb500000,0x00000000fb9a4920,0x00000000fd400000)
  to   space 35328K, 0% used [0x00000000f8f00000,0x00000000f8f00000,0x00000000fb180000)
 ParOldGen       total 86016K, used 64992K [0x00000000c0000000, 0x00000000c5400000, 0x00000000eaa80000)
  object space 86016K, 75% used [0x00000000c0000000,0x00000000c3f78070,0x00000000c5400000)
 PSPermGen       total 92672K, used 56663K [0x00000000b0000000, 0x00000000b5a80000, 0x00000000c0000000)
  object space 92672K, 61% used [0x00000000b0000000,0x00000000b3755d00,0x00000000b5a80000)
}
Event: 234.463 GC heap before
{Heap before GC invocations=14 (full 2):
 PSYoungGen      total 265728K, used 4754K [0x00000000eaa80000, 0x00000000fd400000, 0x0000000100000000)
  eden space 233984K, 0% used [0x00000000eaa80000,0x00000000eaa80000,0x00000000f8f00000)
  from space 31744K, 14% used [0x00000000fb500000,0x00000000fb9a4920,0x00000000fd400000)
  to   space 35328K, 0% used [0x00000000f8f00000,0x00000000f8f00000,0x00000000fb180000)
 ParOldGen       total 86016K, used 64992K [0x00000000c0000000, 0x00000000c5400000, 0x00000000eaa80000)
  object space 86016K, 75% used [0x00000000c0000000,0x00000000c3f78070,0x00000000c5400000)
 PSPermGen       total 92672K, used 56663K [0x00000000b0000000, 0x00000000b5a80000, 0x00000000c0000000)
  object space 92672K, 61% used [0x00000000b0000000,0x00000000b3755d00,0x00000000b5a80000)
Event: 234.900 GC heap after
Heap after GC invocations=14 (full 2):
 PSYoungGen      total 265728K, used 0K [0x00000000eaa80000, 0x00000000fd400000, 0x0000000100000000)
  eden space 233984K, 0% used [0x00000000eaa80000,0x00000000eaa80000,0x00000000f8f00000)
  from space 31744K, 0% used [0x00000000fb500000,0x00000000fb500000,0x00000000fd400000)
  to   space 35328K, 0% used [0x00000000f8f00000,0x00000000f8f00000,0x00000000fb180000)
 ParOldGen       total 86016K, used 64555K [0x00000000c0000000, 0x00000000c5400000, 0x00000000eaa80000)
  object space 86016K, 75% used [0x00000000c0000000,0x00000000c3f0acb8,0x00000000c5400000)
 PSPermGen       total 112128K, used 56656K [0x00000000b0000000, 0x00000000b6d80000, 0x00000000c0000000)
  object space 112128K, 50% used [0x00000000b0000000,0x00000000b37543a0,0x00000000b6d80000)
}
Event: 721.589 GC heap before
{Heap before GC invocations=15 (full 2):
 PSYoungGen      total 265728K, used 233984K [0x00000000eaa80000, 0x00000000fd400000, 0x0000000100000000)
  eden space 233984K, 100% used [0x00000000eaa80000,0x00000000f8f00000,0x00000000f8f00000)
  from space 31744K, 0% used [0x00000000fb500000,0x00000000fb500000,0x00000000fd400000)
  to   space 35328K, 0% used [0x00000000f8f00000,0x00000000f8f00000,0x00000000fb180000)
 ParOldGen       total 86016K, used 64555K [0x00000000c0000000, 0x00000000c5400000, 0x00000000eaa80000)
  object space 86016K, 75% used [0x00000000c0000000,0x00000000c3f0acb8,0x00000000c5400000)
 PSPermGen       total 112128K, used 64841K [0x00000000b0000000, 0x00000000b6d80000, 0x00000000c0000000)
  object space 112128K, 57% used [0x00000000b0000000,0x00000000b3f52600,0x00000000b6d80000)
Event: 721.612 GC heap after
Heap after GC invocations=15 (full 2):
 PSYoungGen      total 251392K, used 27624K [0x00000000eaa80000, 0x00000000fcf00000, 0x0000000100000000)
  eden space 223744K, 0% used [0x00000000eaa80000,0x00000000eaa80000,0x00000000f8500000)
  from space 27648K, 99% used [0x00000000f8f00000,0x00000000fa9fa190,0x00000000faa00000)
  to   space 37888K, 0% used [0x00000000faa00000,0x00000000faa00000,0x00000000fcf00000)
 ParOldGen       total 86016K, used 64555K [0x00000000c0000000, 0x00000000c5400000, 0x00000000eaa80000)
  object space 86016K, 75% used [0x00000000c0000000,0x00000000c3f0acb8,0x00000000c5400000)
 PSPermGen       total 112128K, used 64841K [0x00000000b0000000, 0x00000000b6d80000, 0x00000000c0000000)
  object space 112128K, 57% used [0x00000000b0000000,0x00000000b3f52600,0x00000000b6d80000)
}
Event: 733.959 GC heap before
{Heap before GC invocations=16 (full 2):
 PSYoungGen      total 251392K, used 251368K [0x00000000eaa80000, 0x00000000fcf00000, 0x0000000100000000)
  eden space 223744K, 100% used [0x00000000eaa80000,0x00000000f8500000,0x00000000f8500000)
  from space 27648K, 99% used [0x00000000f8f00000,0x00000000fa9fa190,0x00000000faa00000)
  to   space 37888K, 0% used [0x00000000faa00000,0x00000000faa00000,0x00000000fcf00000)
 ParOldGen       total 86016K, used 64555K [0x00000000c0000000, 0x00000000c5400000, 0x00000000eaa80000)
  object space 86016K, 75% used [0x00000000c0000000,0x00000000c3f0acb8,0x00000000c5400000)
 PSPermGen       total 112128K, used 65704K [0x00000000b0000000, 0x00000000b6d80000, 0x00000000c0000000)
  object space 112128K, 58% used [0x00000000b0000000,0x00000000b402a168,0x00000000b6d80000)
Event: 733.987 GC heap after
Heap after GC invocations=16 (full 2):
 PSYoungGen      total 241152K, used 6129K [0x00000000eaa80000, 0x00000000fc480000, 0x0000000100000000)
  eden space 214016K, 0% used [0x00000000eaa80000,0x00000000eaa80000,0x00000000f7b80000)
  from space 27136K, 22% used [0x00000000faa00000,0x00000000faffc5c0,0x00000000fc480000)
  to   space 37376K, 0% used [0x00000000f7b80000,0x00000000f7b80000,0x00000000fa000000)
 ParOldGen       total 86016K, used 85352K [0x00000000c0000000, 0x00000000c5400000, 0x00000000eaa80000)
  object space 86016K, 99% used [0x00000000c0000000,0x00000000c535a0d8,0x00000000c5400000)
 PSPermGen       total 112128K, used 65704K [0x00000000b0000000, 0x00000000b6d80000, 0x00000000c0000000)
  object space 112128K, 58% used [0x00000000b0000000,0x00000000b402a168,0x00000000b6d80000)
}
Event: 733.987 GC heap before
{Heap before GC invocations=17 (full 3):
 PSYoungGen      total 241152K, used 6129K [0x00000000eaa80000, 0x00000000fc480000, 0x0000000100000000)
  eden space 214016K, 0% used [0x00000000eaa80000,0x00000000eaa80000,0x00000000f7b80000)
  from space 27136K, 22% used [0x00000000faa00000,0x00000000faffc5c0,0x00000000fc480000)
  to   space 37376K, 0% used [0x00000000f7b80000,0x00000000f7b80000,0x00000000fa000000)
 ParOldGen       total 86016K, used 85352K [0x00000000c0000000, 0x00000000c5400000, 0x00000000eaa80000)
  object space 86016K, 99% used [0x00000000c0000000,0x00000000c535a0d8,0x00000000c5400000)
 PSPermGen       total 112128K, used 65704K [0x00000000b0000000, 0x00000000b6d80000, 0x00000000c0000000)
  object space 112128K, 58% used [0x00000000b0000000,0x00000000b402a168,0x00000000b6d80000)

